
*** Running vivado
    with args -log UKLAD.vds -m64 -product Vivado -mode batch -messageDb vivado.pb -notrace -source UKLAD.tcl



****** Vivado v2024.1 (64-bit)
  **** SW Build 5076996 on Wed May 22 18:37:14 MDT 2024
  **** IP Build 5075265 on Wed May 22 21:45:21 MDT 2024
  **** SharedData Build 5076995 on Wed May 22 18:29:18 MDT 2024
  **** Start of session at: Sat Oct 26 15:16:45 2024
    ** Copyright 1986-2022 Xilinx, Inc. All Rights Reserved.
    ** Copyright 2022-2024 Advanced Micro Devices, Inc. All Rights Reserved.

source UKLAD.tcl -notrace
create_project: Time (s): cpu = 00:00:05 ; elapsed = 00:00:05 . Memory (MB): peak = 515.508 ; gain = 198.859
Command: read_checkpoint -auto_incremental -incremental C:/Users/mateu/Desktop/PUL_Projects/Generator_pierscieniowy/Generator_pierscieniowy.srcs/utils_1/imports/synth_1/BRAMKA.dcp
INFO: [Vivado 12-5825] Read reference checkpoint from C:/Users/mateu/Desktop/PUL_Projects/Generator_pierscieniowy/Generator_pierscieniowy.srcs/utils_1/imports/synth_1/BRAMKA.dcp for incremental synthesis
INFO: [Vivado 12-7989] Please ensure there are no constraint changes
Command: synth_design -top UKLAD -part xc7a12tcpg238-3
Starting synth_design
Attempting to get a license for feature 'Synthesis' and/or device 'xc7a12t'
INFO: [Common 17-349] Got license for feature 'Synthesis' and/or device 'xc7a12t'
INFO: [Designutils 20-5440] No compile time benefit to using incremental synthesis; A full resynthesis will be run
INFO: [Designutils 20-4379] Flow is switching to default flow due to incremental criteria not met. If you would like to alter this behaviour and have the flow terminate instead, please set the following parameter config_implementation {autoIncr.Synth.RejectBehavior Terminate}
INFO: [Synth 8-7079] Multithreading enabled for synth_design using a maximum of 2 processes.
INFO: [Synth 8-7078] Launching helper process for spawning children vivado processes
INFO: [Synth 8-7075] Helper process launched with PID 19316
---------------------------------------------------------------------------------
Starting Synthesize : Time (s): cpu = 00:00:03 ; elapsed = 00:00:04 . Memory (MB): peak = 974.457 ; gain = 446.980
---------------------------------------------------------------------------------
INFO: [Synth 8-638] synthesizing module 'UKLAD' [C:/Users/mateu/Desktop/PUL_Projects/Generator_pierscieniowy/Generator_pierscieniowy.srcs/sources_1/new/UKLAD.vhd:12]
INFO: [Synth 8-3491] module 'BRAMKA' declared at 'C:/Users/mateu/Desktop/PUL_Projects/Generator_pierscieniowy/Generator_pierscieniowy.srcs/sources_1/new/BRAMKA.vhd:4' bound to instance 'B1' of component 'BRAMKA' [C:/Users/mateu/Desktop/PUL_Projects/Generator_pierscieniowy/Generator_pierscieniowy.srcs/sources_1/new/UKLAD.vhd:22]
INFO: [Synth 8-638] synthesizing module 'BRAMKA' [C:/Users/mateu/Desktop/PUL_Projects/Generator_pierscieniowy/Generator_pierscieniowy.srcs/sources_1/new/BRAMKA.vhd:10]
INFO: [Synth 8-256] done synthesizing module 'BRAMKA' (0#1) [C:/Users/mateu/Desktop/PUL_Projects/Generator_pierscieniowy/Generator_pierscieniowy.srcs/sources_1/new/BRAMKA.vhd:10]
INFO: [Synth 8-3491] module 'BRAMKA' declared at 'C:/Users/mateu/Desktop/PUL_Projects/Generator_pierscieniowy/Generator_pierscieniowy.srcs/sources_1/new/BRAMKA.vhd:4' bound to instance 'B2' of component 'BRAMKA' [C:/Users/mateu/Desktop/PUL_Projects/Generator_pierscieniowy/Generator_pierscieniowy.srcs/sources_1/new/UKLAD.vhd:23]
INFO: [Synth 8-3491] module 'BRAMKA' declared at 'C:/Users/mateu/Desktop/PUL_Projects/Generator_pierscieniowy/Generator_pierscieniowy.srcs/sources_1/new/BRAMKA.vhd:4' bound to instance 'B3' of component 'BRAMKA' [C:/Users/mateu/Desktop/PUL_Projects/Generator_pierscieniowy/Generator_pierscieniowy.srcs/sources_1/new/UKLAD.vhd:24]
INFO: [Synth 8-256] done synthesizing module 'UKLAD' (0#1) [C:/Users/mateu/Desktop/PUL_Projects/Generator_pierscieniowy/Generator_pierscieniowy.srcs/sources_1/new/UKLAD.vhd:12]
WARNING: [Synth 8-7129] Port I in module UKLAD is either unconnected or has no load
---------------------------------------------------------------------------------
Finished Synthesize : Time (s): cpu = 00:00:05 ; elapsed = 00:00:05 . Memory (MB): peak = 1084.109 ; gain = 556.633
---------------------------------------------------------------------------------
---------------------------------------------------------------------------------
Finished Constraint Validation : Time (s): cpu = 00:00:05 ; elapsed = 00:00:06 . Memory (MB): peak = 1084.109 ; gain = 556.633
---------------------------------------------------------------------------------
---------------------------------------------------------------------------------
Start Loading Part and Timing Information
---------------------------------------------------------------------------------
Loading part: xc7a12tcpg238-3
---------------------------------------------------------------------------------
Finished Loading Part and Timing Information : Time (s): cpu = 00:00:05 ; elapsed = 00:00:06 . Memory (MB): peak = 1084.109 ; gain = 556.633
---------------------------------------------------------------------------------
INFO: [Device 21-403] Loading part xc7a12tcpg238-3
---------------------------------------------------------------------------------
Finished RTL Optimization Phase 2 : Time (s): cpu = 00:00:05 ; elapsed = 00:00:06 . Memory (MB): peak = 1084.109 ; gain = 556.633
---------------------------------------------------------------------------------
No constraint files found.
---------------------------------------------------------------------------------
Start RTL Component Statistics 
---------------------------------------------------------------------------------
Detailed RTL Component Info : 
---------------------------------------------------------------------------------
Finished RTL Component Statistics 
---------------------------------------------------------------------------------
---------------------------------------------------------------------------------
Start Part Resource Summary
---------------------------------------------------------------------------------
INFO: [Device 21-9227] Part: xc7a12tcpg238-3 does not have CEAM library.
Part Resources:
DSPs: 40 (col length:40)
BRAMs: 40 (col length: RAMB18 40 RAMB36 20)
---------------------------------------------------------------------------------
Finished Part Resource Summary
---------------------------------------------------------------------------------
No constraint files found.
---------------------------------------------------------------------------------
Start Cross Boundary and Area Optimization
---------------------------------------------------------------------------------
WARNING: [Synth 8-7080] Parallel synthesis criteria is not met
WARNING: [Synth 8-7129] Port I in module UKLAD is either unconnected or has no load
---------------------------------------------------------------------------------
Finished Cross Boundary and Area Optimization : Time (s): cpu = 00:00:09 ; elapsed = 00:00:09 . Memory (MB): peak = 1247.832 ; gain = 720.355
---------------------------------------------------------------------------------
No constraint files found.
---------------------------------------------------------------------------------
Start Timing Optimization
---------------------------------------------------------------------------------
---------------------------------------------------------------------------------
Finished Timing Optimization : Time (s): cpu = 00:00:09 ; elapsed = 00:00:10 . Memory (MB): peak = 1247.832 ; gain = 720.355
---------------------------------------------------------------------------------
---------------------------------------------------------------------------------
Start Technology Mapping
---------------------------------------------------------------------------------
---------------------------------------------------------------------------------
Finished Technology Mapping : Time (s): cpu = 00:00:09 ; elapsed = 00:00:10 . Memory (MB): peak = 1247.832 ; gain = 720.355
---------------------------------------------------------------------------------
---------------------------------------------------------------------------------
Start IO Insertion
---------------------------------------------------------------------------------
---------------------------------------------------------------------------------
Start Flattening Before IO Insertion
---------------------------------------------------------------------------------
---------------------------------------------------------------------------------
Finished Flattening Before IO Insertion
---------------------------------------------------------------------------------
---------------------------------------------------------------------------------
Start Final Netlist Cleanup
---------------------------------------------------------------------------------
---------------------------------------------------------------------------------
Finished Final Netlist Cleanup
---------------------------------------------------------------------------------
---------------------------------------------------------------------------------
Finished IO Insertion : Time (s): cpu = 00:00:12 ; elapsed = 00:00:13 . Memory (MB): peak = 1247.832 ; gain = 720.355
---------------------------------------------------------------------------------
---------------------------------------------------------------------------------
Start Renaming Generated Instances
---------------------------------------------------------------------------------
---------------------------------------------------------------------------------
Finished Renaming Generated Instances : Time (s): cpu = 00:00:12 ; elapsed = 00:00:13 . Memory (MB): peak = 1247.832 ; gain = 720.355
---------------------------------------------------------------------------------
---------------------------------------------------------------------------------
Start Rebuilding User Hierarchy
---------------------------------------------------------------------------------
---------------------------------------------------------------------------------
Finished Rebuilding User Hierarchy : Time (s): cpu = 00:00:12 ; elapsed = 00:00:13 . Memory (MB): peak = 1247.832 ; gain = 720.355
---------------------------------------------------------------------------------
---------------------------------------------------------------------------------
Start Renaming Generated Ports
---------------------------------------------------------------------------------
---------------------------------------------------------------------------------
Finished Renaming Generated Ports : Time (s): cpu = 00:00:12 ; elapsed = 00:00:13 . Memory (MB): peak = 1247.832 ; gain = 720.355
---------------------------------------------------------------------------------
---------------------------------------------------------------------------------
Start Handling Custom Attributes
---------------------------------------------------------------------------------
---------------------------------------------------------------------------------
Finished Handling Custom Attributes : Time (s): cpu = 00:00:12 ; elapsed = 00:00:13 . Memory (MB): peak = 1247.832 ; gain = 720.355
---------------------------------------------------------------------------------
---------------------------------------------------------------------------------
Start Renaming Generated Nets
---------------------------------------------------------------------------------
---------------------------------------------------------------------------------
Finished Renaming Generated Nets : Time (s): cpu = 00:00:12 ; elapsed = 00:00:13 . Memory (MB): peak = 1247.832 ; gain = 720.355
---------------------------------------------------------------------------------
---------------------------------------------------------------------------------
Start Writing Synthesis Report
---------------------------------------------------------------------------------

Report BlackBoxes: 
+-+--------------+----------+
| |BlackBox name |Instances |
+-+--------------+----------+
+-+--------------+----------+

Report Cell Usage: 
+------+-----+------+
|      |Cell |Count |
+------+-----+------+
|1     |LUT2 |     1|
|2     |IBUF |     1|
|3     |OBUF |     1|
+------+-----+------+

Report Instance Areas: 
+------+---------+-------+------+
|      |Instance |Module |Cells |
+------+---------+-------+------+
|1     |top      |       |     3|
+------+---------+-------+------+
---------------------------------------------------------------------------------
Finished Writing Synthesis Report : Time (s): cpu = 00:00:12 ; elapsed = 00:00:13 . Memory (MB): peak = 1247.832 ; gain = 720.355
---------------------------------------------------------------------------------
Synthesis finished with 0 errors, 0 critical warnings and 3 warnings.
Synthesis Optimization Runtime : Time (s): cpu = 00:00:12 ; elapsed = 00:00:13 . Memory (MB): peak = 1247.832 ; gain = 720.355
Synthesis Optimization Complete : Time (s): cpu = 00:00:12 ; elapsed = 00:00:13 . Memory (MB): peak = 1247.832 ; gain = 720.355
INFO: [Project 1-571] Translating synthesized netlist
Netlist sorting complete. Time (s): cpu = 00:00:00 ; elapsed = 00:00:00 . Memory (MB): peak = 1255.770 ; gain = 0.000
INFO: [Project 1-570] Preparing netlist for logic optimization
INFO: [Opt 31-138] Pushed 0 inverter(s) to 0 load pin(s).
Netlist sorting complete. Time (s): cpu = 00:00:00 ; elapsed = 00:00:00 . Memory (MB): peak = 1353.902 ; gain = 0.000
INFO: [Project 1-111] Unisim Transformation Summary:
No Unisim elements were transformed.

Synth Design complete | Checksum: bb22e4c1
INFO: [Common 17-83] Releasing license: Synthesis
22 Infos, 3 Warnings, 0 Critical Warnings and 0 Errors encountered.
synth_design completed successfully
synth_design: Time (s): cpu = 00:00:13 ; elapsed = 00:00:14 . Memory (MB): peak = 1353.902 ; gain = 833.738
Write ShapeDB Complete: Time (s): cpu = 00:00:00 ; elapsed = 00:00:00.001 . Memory (MB): peak = 1353.902 ; gain = 0.000
INFO: [Common 17-1381] The checkpoint 'C:/Users/mateu/Desktop/PUL_Projects/Generator_pierscieniowy/Generator_pierscieniowy.runs/synth_1/UKLAD.dcp' has been generated.
INFO: [Vivado 12-24828] Executing command : report_utilization -file UKLAD_utilization_synth.rpt -pb UKLAD_utilization_synth.pb
INFO: [Common 17-206] Exiting Vivado at Sat Oct 26 15:17:06 2024...
